<?xml version="1.0" encoding="UTF-8"?>
<testsuites name="jest tests" tests="4" failures="0" time="9.418">
  <testsuite name="DateTime" errors="0" failures="0" skipped="0" timestamp="2021-10-22T09:35:37" time="8.615" tests="4">
    <testcase classname="DateTime snapshot" name="DateTime snapshot" time="0.118">
    </testcase>
    <testcase classname="DateTime if clearable and value are true then InputProps node will be made up of two IconButtons" name="DateTime if clearable and value are true then InputProps node will be made up of two IconButtons" time="0.24">
    </testcase>
    <testcase classname="DateTime if clearable and value are false then InputProps node will be made of one CalendarToday node" name="DateTime if clearable and value are false then InputProps node will be made of one CalendarToday node" time="0.021">
    </testcase>
    <testcase classname="DateTime classes defaultFont and dateTimeInput should be present" name="DateTime classes defaultFont and dateTimeInput should be present" time="0.027">
    </testcase>
  </testsuite>
</testsuites>