<?xml version="1.0" encoding="UTF-8"?>
<testsuites name="jest tests" tests="144" failures="0" time="32.269">
  <testsuite name="ChartCard" errors="0" failures="0" skipped="0" timestamp="2021-09-24T17:56:13" time="3.426" tests="1">
    <testcase classname="ChartCard snapshot" name="ChartCard snapshot" time="0.081">
    </testcase>
  </testsuite>
  <testsuite name="Autocomplete" errors="0" failures="0" skipped="0" timestamp="2021-09-24T17:56:17" time="4.333" tests="10">
    <testcase classname="Autocomplete snapshot" name="Autocomplete snapshot" time="0.065">
    </testcase>
    <testcase classname="Autocomplete renders all the options" name="Autocomplete renders all the options" time="0.177">
    </testcase>
    <testcase classname="Autocomplete the correct option is selected" name="Autocomplete the correct option is selected" time="0.056">
    </testcase>
    <testcase classname="Autocomplete renders the clear button when clearable" name="Autocomplete renders the clear button when clearable" time="0.052">
    </testcase>
    <testcase classname="Autocomplete loads options at mount when defaultOptions is true" name="Autocomplete loads options at mount when defaultOptions is true" time="0.013">
    </testcase>
    <testcase classname="Autocomplete doesn&apos;t load options at mount if defaultOptions is not true" name="Autocomplete doesn&apos;t load options at mount if defaultOptions is not true" time="0.011">
    </testcase>
    <testcase classname="Autocomplete when simpleValue is falsy and the options are objects, displays value[labelKey] in the input" name="Autocomplete when simpleValue is falsy and the options are objects, displays value[labelKey] in the input" time="0.015">
    </testcase>
    <testcase classname="Autocomplete works for primitive options" name="Autocomplete works for primitive options" time="0.048">
    </testcase>
    <testcase classname="Autocomplete calls the onChange function provided as a prop" name="Autocomplete calls the onChange function provided as a prop" time="0.072">
    </testcase>
    <testcase classname="Autocomplete Adds a * to the label when Autocomplete is required" name="Autocomplete Adds a * to the label when Autocomplete is required" time="0.031">
    </testcase>
  </testsuite>
  <testsuite name="DynamicInput" errors="0" failures="0" skipped="0" timestamp="2021-09-24T17:56:21" time="1.489" tests="7">
    <testcase classname="DynamicInput snapshot" name="DynamicInput snapshot" time="0.038">
    </testcase>
    <testcase classname="DynamicInput if controlType is INT then the input is a CustomTextField without inputProps associated" name="DynamicInput if controlType is INT then the input is a CustomTextField without inputProps associated" time="0.04">
    </testcase>
    <testcase classname="DynamicInput if controlType is INT then the input is a CustomTextField with inputProps associated" name="DynamicInput if controlType is INT then the input is a CustomTextField with inputProps associated" time="0.017">
    </testcase>
    <testcase classname="DynamicInput if controlType is NUM then the input is a CustomTextField with inputProps associated" name="DynamicInput if controlType is NUM then the input is a CustomTextField with inputProps associated" time="0.022">
    </testcase>
    <testcase classname="DynamicInput if controlType is CLST then the input is an Autocomplete" name="DynamicInput if controlType is CLST then the input is an Autocomplete" time="0.036">
    </testcase>
    <testcase classname="DynamicInput if controlType is BOOL then the input is a Switch" name="DynamicInput if controlType is BOOL then the input is a Switch" time="0.022">
    </testcase>
    <testcase classname="DynamicInput should rended a default component if controlType does not match any other case label" name="DynamicInput should rended a default component if controlType does not match any other case label" time="0.008">
    </testcase>
  </testsuite>
  <testsuite name="CustomDialog" errors="0" failures="0" skipped="0" timestamp="2021-09-24T17:56:23" time="0.816" tests="6">
    <testcase classname="CustomDialog snapshot" name="CustomDialog snapshot" time="0.146">
    </testcase>
    <testcase classname="CustomDialog if showActions is true then both actions are visible" name="CustomDialog if showActions is true then both actions are visible" time="0.024">
    </testcase>
    <testcase classname="CustomDialog if showActions is false then both actions are not visible" name="CustomDialog if showActions is false then both actions are not visible" time="0.022">
    </testcase>
    <testcase classname="CustomDialog if textContent is provided then the DialogContentText node will be visible" name="CustomDialog if textContent is provided then the DialogContentText node will be visible" time="0.017">
    </testcase>
    <testcase classname="CustomDialog onYes handler should be called" name="CustomDialog onYes handler should be called" time="0.021">
    </testcase>
    <testcase classname="CustomDialog classes test and content are present" name="CustomDialog classes test and content are present" time="0.029">
    </testcase>
  </testsuite>
  <testsuite name="Accordion" errors="0" failures="0" skipped="0" timestamp="2021-09-24T17:56:23" time="0.571" tests="6">
    <testcase classname="Accordion Three children are expected to render" name="Accordion Three children are expected to render" time="0.013">
    </testcase>
    <testcase classname="Accordion Three children are expected to render" name="Accordion Three children are expected to render" time="0.031">
    </testcase>
    <testcase classname="Accordion First child is expanded" name="Accordion First child is expanded" time="0.023">
    </testcase>
    <testcase classname="Accordion Second child is expanded" name="Accordion Second child is expanded" time="0.037">
    </testcase>
    <testcase classname="Accordion Third child is expanded" name="Accordion Third child is expanded" time="0.007">
    </testcase>
    <testcase classname="Accordion Third child is expanded" name="Accordion Third child is expanded" time="0.032">
    </testcase>
  </testsuite>
  <testsuite name="Button" errors="0" failures="0" skipped="0" timestamp="2021-09-24T17:56:24" time="0.397" tests="12">
    <testcase classname="Button snapshot - warning" name="Button snapshot - warning" time="0.029">
    </testcase>
    <testcase classname="Button snapshot - primary" name="Button snapshot - primary" time="0.008">
    </testcase>
    <testcase classname="Button snapshot - info" name="Button snapshot - info" time="0.001">
    </testcase>
    <testcase classname="Button snapshot - success" name="Button snapshot - success" time="0.005">
    </testcase>
    <testcase classname="Button snapshot - danger" name="Button snapshot - danger" time="0.001">
    </testcase>
    <testcase classname="Button snapshot - rose" name="Button snapshot - rose" time="0.004">
    </testcase>
    <testcase classname="Button button will be rounded" name="Button button will be rounded" time="0.002">
    </testcase>
    <testcase classname="Button button will not be rounded" name="Button button will not be rounded" time="0.005">
    </testcase>
    <testcase classname="Button button will not be fullWidth" name="Button button will not be fullWidth" time="0.001">
    </testcase>
    <testcase classname="Button button will be fullWidth" name="Button button will be fullWidth" time="0.004">
    </testcase>
    <testcase classname="Button button will be disabled" name="Button button will be disabled" time="0.001">
    </testcase>
    <testcase classname="Button button will not be disabled" name="Button button will not be disabled" time="0.005">
    </testcase>
  </testsuite>
  <testsuite name="Card" errors="0" failures="0" skipped="0" timestamp="2021-09-24T17:56:24" time="0.356" tests="11">
    <testcase classname="Card snapshot - primary" name="Card snapshot - primary" time="0.007">
    </testcase>
    <testcase classname="Card snapshot - info" name="Card snapshot - info" time="0.001">
    </testcase>
    <testcase classname="Card snapshot - success" name="Card snapshot - success" time="0.001">
    </testcase>
    <testcase classname="Card snapshot - warning" name="Card snapshot - warning" time="0.002">
    </testcase>
    <testcase classname="Card snapshot - danger" name="Card snapshot - danger" time="0.001">
    </testcase>
    <testcase classname="Card snapshot - rose" name="Card snapshot - rose" time="0.001">
    </testcase>
    <testcase classname="Card classes card and rose are present" name="Card classes card and rose are present" time="0.003">
    </testcase>
    <testcase classname="Card class danger are present" name="Card class danger are present" time="0.001">
    </testcase>
    <testcase classname="Card class warning are present" name="Card class warning are present" time="0.001">
    </testcase>
    <testcase classname="Card class info are present" name="Card class info are present" time="0.001">
    </testcase>
    <testcase classname="Card class primary are present" name="Card class primary are present" time="0.001">
    </testcase>
  </testsuite>
  <testsuite name="DateTime" errors="0" failures="0" skipped="0" timestamp="2021-09-24T17:56:25" time="1.399" tests="4">
    <testcase classname="DateTime snapshot" name="DateTime snapshot" time="0.035">
    </testcase>
    <testcase classname="DateTime if clearable and value are true then InputProps node will be made up of two IconButtons" name="DateTime if clearable and value are true then InputProps node will be made up of two IconButtons" time="0.127">
    </testcase>
    <testcase classname="DateTime if clearable and value are false then InputProps node will be made of one CalendarToday node" name="DateTime if clearable and value are false then InputProps node will be made of one CalendarToday node" time="0.013">
    </testcase>
    <testcase classname="DateTime classes defaultFont and dateTimeInput should be present" name="DateTime classes defaultFont and dateTimeInput should be present" time="0.015">
    </testcase>
  </testsuite>
  <testsuite name="DownwardButton" errors="0" failures="0" skipped="0" timestamp="2021-09-24T17:56:26" time="1.443" tests="5">
    <testcase classname="DownwardButton snapshot" name="DownwardButton snapshot" time="0.034">
    </testcase>
    <testcase classname="DownwardButton onClick should be called" name="DownwardButton onClick should be called" time="0.02">
    </testcase>
    <testcase classname="DownwardButton the button should be disabled" name="DownwardButton the button should be disabled" time="0.009">
    </testcase>
    <testcase classname="DownwardButton the button should be enabled" name="DownwardButton the button should be enabled" time="0.01">
    </testcase>
    <testcase classname="DownwardButton the color, fontSize and size props should be equal to the default values if they are not provided" name="DownwardButton the color, fontSize and size props should be equal to the default values if they are not provided" time="0.005">
    </testcase>
  </testsuite>
  <testsuite name="DeleteButton" errors="0" failures="0" skipped="0" timestamp="2021-09-24T17:56:28" time="0.425" tests="5">
    <testcase classname="DeleteButton snapshot" name="DeleteButton snapshot" time="0.023">
    </testcase>
    <testcase classname="DeleteButton onClick should be called" name="DeleteButton onClick should be called" time="0.021">
    </testcase>
    <testcase classname="DeleteButton the button should be disabled" name="DeleteButton the button should be disabled" time="0.008">
    </testcase>
    <testcase classname="DeleteButton the button should be enabled" name="DeleteButton the button should be enabled" time="0.012">
    </testcase>
    <testcase classname="DeleteButton the color, fontSize and size props should be equal to the default values if they are not provided" name="DeleteButton the color, fontSize and size props should be equal to the default values if they are not provided" time="0.006">
    </testcase>
  </testsuite>
  <testsuite name="CardTitle" errors="0" failures="0" skipped="0" timestamp="2021-09-24T17:56:28" time="0.425" tests="4">
    <testcase classname="CardTitle snapshot" name="CardTitle snapshot" time="0.037">
    </testcase>
    <testcase classname="CardTitle classes container and cardTitle are present" name="CardTitle classes container and cardTitle are present" time="0.01">
    </testcase>
    <testcase classname="CardTitle should be able to click the button" name="CardTitle should be able to click the button" time="0.007">
    </testcase>
    <testcase classname="CardTitle the button is expected to be disabled" name="CardTitle the button is expected to be disabled" time="0.006">
    </testcase>
  </testsuite>
  <testsuite name="CustomTextField" errors="0" failures="0" skipped="0" timestamp="2021-09-24T17:56:29" time="0.405" tests="4">
    <testcase classname="CustomTextField snapshot" name="CustomTextField snapshot" time="0.02">
    </testcase>
    <testcase classname="CustomTextField if isNumeric is true then inputComponent node of type NumberFormatCustom exists" name="CustomTextField if isNumeric is true then inputComponent node of type NumberFormatCustom exists" time="0.023">
    </testcase>
    <testcase classname="CustomTextField if isNumeric is false then inputComponent node of type NumberFormatCustom does not exist" name="CustomTextField if isNumeric is false then inputComponent node of type NumberFormatCustom does not exist" time="0.007">
    </testcase>
    <testcase classname="CustomTextField inputProps class input is present" name="CustomTextField inputProps class input is present" time="0.006">
    </testcase>
  </testsuite>
  <testsuite name="DownloadButton" errors="0" failures="0" skipped="0" timestamp="2021-09-24T17:56:29" time="0.408" tests="5">
    <testcase classname="DownloadButton snapshot" name="DownloadButton snapshot" time="0.023">
    </testcase>
    <testcase classname="DownloadButton onClick should be called" name="DownloadButton onClick should be called" time="0.018">
    </testcase>
    <testcase classname="DownloadButton the button should be disabled" name="DownloadButton the button should be disabled" time="0.017">
    </testcase>
    <testcase classname="DownloadButton the button should be enabled" name="DownloadButton the button should be enabled" time="0.01">
    </testcase>
    <testcase classname="DownloadButton the color, fontSize and size props should be equal to the default values if they are not provided" name="DownloadButton the color, fontSize and size props should be equal to the default values if they are not provided" time="0.007">
    </testcase>
  </testsuite>
  <testsuite name="IconCard" errors="0" failures="0" skipped="0" timestamp="2021-09-24T17:56:29" time="0.463" tests="4">
    <testcase classname="IconCard Snapshot" name="IconCard Snapshot" time="0.028">
    </testcase>
    <testcase classname="IconCard classes cardStyle and textStyle should be present" name="IconCard classes cardStyle and textStyle should be present" time="0.02">
    </testcase>
    <testcase classname="IconCard if footer is provided then classFooter should be present" name="IconCard if footer is provided then classFooter should be present" time="0.008">
    </testcase>
    <testcase classname="IconCard if footer is not provided then classFooter should not be present" name="IconCard if footer is not provided then classFooter should not be present" time="0.007">
    </testcase>
  </testsuite>
  <testsuite name="AddButton" errors="0" failures="0" skipped="0" timestamp="2021-09-24T17:56:30" time="0.395" tests="5">
    <testcase classname="AddButton snapshot" name="AddButton snapshot" time="0.024">
    </testcase>
    <testcase classname="AddButton the button is disabled" name="AddButton the button is disabled" time="0.013">
    </testcase>
    <testcase classname="AddButton the button is enabled" name="AddButton the button is enabled" time="0.008">
    </testcase>
    <testcase classname="AddButton the sended props are the same as the expected ones" name="AddButton the sended props are the same as the expected ones" time="0.005">
    </testcase>
    <testcase classname="AddButton the button is expected to be called" name="AddButton the button is expected to be called" time="0.007">
    </testcase>
  </testsuite>
  <testsuite name="NavPills" errors="0" failures="0" skipped="0" timestamp="2021-09-24T17:56:30" time="0.528" tests="4">
    <testcase classname="NavPills Snapshot" name="NavPills Snapshot" time="0.036">
    </testcase>
    <testcase classname="NavPills active, color and actions props should be equal to the default values provided" name="NavPills active, color and actions props should be equal to the default values provided" time="0.029">
    </testcase>
    <testcase classname="NavPills should have two children" name="NavPills should have two children" time="0.03">
    </testcase>
    <testcase classname="NavPills Tabs should get the values from the tabs array provided" name="NavPills Tabs should get the values from the tabs array provided" time="0.021">
    </testcase>
  </testsuite>
  <testsuite name="IconCollapseCard" errors="0" failures="0" skipped="0" timestamp="2021-09-24T17:56:31" time="0.561" tests="4">
    <testcase classname="IconCollapseCard Snapshot" name="IconCollapseCard Snapshot" time="0.039">
    </testcase>
    <testcase classname="IconCollapseCard iconColor should be equal to default value" name="IconCollapseCard iconColor should be equal to default value" time="0.021">
    </testcase>
    <testcase classname="IconCollapseCard if canExpand is undefined then Accordion is by default expandable and enabled" name="IconCollapseCard if canExpand is undefined then Accordion is by default expandable and enabled" time="0.028">
    </testcase>
    <testcase classname="IconCollapseCard if canExpand is false then Accordion is by default not-expandable and disabled" name="IconCollapseCard if canExpand is false then Accordion is by default not-expandable and disabled" time="0.009">
    </testcase>
  </testsuite>
  <testsuite name="SaveButton" errors="0" failures="0" skipped="0" timestamp="2021-09-24T17:56:31" time="0.424" tests="5">
    <testcase classname="SaveButton Snapshot" name="SaveButton Snapshot" time="0.026">
    </testcase>
    <testcase classname="SaveButton onClick should be called" name="SaveButton onClick should be called" time="0.019">
    </testcase>
    <testcase classname="SaveButton the button should be disabled" name="SaveButton the button should be disabled" time="0.007">
    </testcase>
    <testcase classname="SaveButton the button should be enabled" name="SaveButton the button should be enabled" time="0.008">
    </testcase>
    <testcase classname="SaveButton the color, fontSize and size props should be equal to the default values if they are not provided" name="SaveButton the color, fontSize and size props should be equal to the default values if they are not provided" time="0.006">
    </testcase>
  </testsuite>
  <testsuite name="UploadButton" errors="0" failures="0" skipped="0" timestamp="2021-09-24T17:56:32" time="0.411" tests="5">
    <testcase classname="UploadButton Snapshot" name="UploadButton Snapshot" time="0.025">
    </testcase>
    <testcase classname="UploadButton onClick should be called" name="UploadButton onClick should be called" time="0.019">
    </testcase>
    <testcase classname="UploadButton the button should be disabled" name="UploadButton the button should be disabled" time="0.016">
    </testcase>
    <testcase classname="UploadButton the button should be enabled" name="UploadButton the button should be enabled" time="0.009">
    </testcase>
    <testcase classname="UploadButton the color, fontSize and size props should be equal to the default values if they are not provided" name="UploadButton the color, fontSize and size props should be equal to the default values if they are not provided" time="0.005">
    </testcase>
  </testsuite>
  <testsuite name="UpwardButton" errors="0" failures="0" skipped="0" timestamp="2021-09-24T17:56:32" time="1.168" tests="5">
    <testcase classname="UpwardButton Snapshot" name="UpwardButton Snapshot" time="0.028">
    </testcase>
    <testcase classname="UpwardButton onClick should be called" name="UpwardButton onClick should be called" time="0.029">
    </testcase>
    <testcase classname="UpwardButton the button should be disabled" name="UpwardButton the button should be disabled" time="0.008">
    </testcase>
    <testcase classname="UpwardButton the button should be enabled" name="UpwardButton the button should be enabled" time="0.008">
    </testcase>
    <testcase classname="UpwardButton the color, fontSize and size props should be equal to the default values if they are not provided" name="UpwardButton the color, fontSize and size props should be equal to the default values if they are not provided" time="0.005">
    </testcase>
  </testsuite>
  <testsuite name="DialogDisplay" errors="0" failures="0" skipped="0" timestamp="2021-09-24T17:56:33" time="0.508" tests="3">
    <testcase classname="DialogDisplay snapshot" name="DialogDisplay snapshot" time="0.085">
    </testcase>
    <testcase classname="DialogDisplay IconButton has modalCloseButton class" name="DialogDisplay IconButton has modalCloseButton class" time="0.017">
    </testcase>
    <testcase classname="DialogDisplay onClose handler should be called" name="DialogDisplay onClose handler should be called" time="0.015">
    </testcase>
  </testsuite>
  <testsuite name="PasswordField" errors="0" failures="0" skipped="0" timestamp="2021-09-24T17:56:34" time="1.258" tests="3">
    <testcase classname="PasswordField Snapshot" name="PasswordField Snapshot" time="0.05">
    </testcase>
    <testcase classname="PasswordField default props should be provided" name="PasswordField default props should be provided" time="0.017">
    </testcase>
    <testcase classname="PasswordField after pressing the button the input should turn into a text field" name="PasswordField after pressing the button the input should turn into a text field" time="0.022">
    </testcase>
  </testsuite>
  <testsuite name="Render ImageCard" errors="0" failures="0" skipped="0" timestamp="2021-09-24T17:56:35" time="0.413" tests="3">
    <testcase classname="Render ImageCard snapshot" name="Render ImageCard snapshot" time="0.019">
    </testcase>
    <testcase classname="Render ImageCard imageSize should be equal to &apos;s&apos;" name="Render ImageCard imageSize should be equal to &apos;s&apos;" time="0.013">
    </testcase>
    <testcase classname="Render ImageCard alternateText prop should be present in the html attribute alt" name="Render ImageCard alternateText prop should be present in the html attribute alt" time="0.004">
    </testcase>
  </testsuite>
  <testsuite name="EditButton" errors="0" failures="0" skipped="0" timestamp="2021-09-24T17:56:36" time="0.375" tests="2">
    <testcase classname="EditButton snapshot" name="EditButton snapshot" time="0.025">
    </testcase>
    <testcase classname="EditButton the color, fontSize and size props should be equal to the default values if they are not provided" name="EditButton the color, fontSize and size props should be equal to the default values if they are not provided" time="0.014">
    </testcase>
  </testsuite>
  <testsuite name="ExpandingText" errors="0" failures="0" skipped="0" timestamp="2021-09-24T17:56:36" time="0.353" tests="1">
    <testcase classname="ExpandingText snapshot" name="ExpandingText snapshot" time="0.008">
    </testcase>
  </testsuite>
  <testsuite name="CancelButton" errors="0" failures="0" skipped="0" timestamp="2021-09-24T17:56:36" time="0.367" tests="2">
    <testcase classname="CancelButton snapshot" name="CancelButton snapshot" time="0.026">
    </testcase>
    <testcase classname="CancelButton the color, fontSize and size props should be equal to the default values if they are not provided" name="CancelButton the color, fontSize and size props should be equal to the default values if they are not provided" time="0.014">
    </testcase>
  </testsuite>
  <testsuite name="BackToButton" errors="0" failures="0" skipped="0" timestamp="2021-09-24T17:56:37" time="1.191" tests="2">
    <testcase classname="BackToButton snapshot" name="BackToButton snapshot" time="0.026">
    </testcase>
    <testcase classname="BackToButton the color, fontSize and size props should be equal to the default values if they are not provided" name="BackToButton the color, fontSize and size props should be equal to the default values if they are not provided" time="0.024">
    </testcase>
  </testsuite>
  <testsuite name="Typography" errors="0" failures="0" skipped="0" timestamp="2021-09-24T17:56:38" time="0.727" tests="2">
    <testcase classname="Typography Snapshot" name="Typography Snapshot" time="0.015">
    </testcase>
    <testcase classname="Typography variant property should be equal to the default value provided" name="Typography variant property should be equal to the default value provided" time="0.012">
    </testcase>
  </testsuite>
  <testsuite name="Forbidden" errors="0" failures="0" skipped="0" timestamp="2021-09-24T17:56:39" time="0.419" tests="2">
    <testcase classname="Forbidden Snapshot" name="Forbidden Snapshot" time="0.012">
    </testcase>
    <testcase classname="Forbidden classes cardHeader, cardAvatar should be present" name="Forbidden classes cardHeader, cardAvatar should be present" time="0.02">
    </testcase>
  </testsuite>
  <testsuite name="SimpleSlider" errors="0" failures="0" skipped="0" timestamp="2021-09-24T17:56:39" time="0.456" tests="1">
    <testcase classname="SimpleSlider Snapshot" name="SimpleSlider Snapshot" time="0.037">
    </testcase>
  </testsuite>
  <testsuite name="StatsCard" errors="0" failures="0" skipped="0" timestamp="2021-09-24T17:56:40" time="0.454" tests="1">
    <testcase classname="StatsCard Snapshot" name="StatsCard Snapshot" time="0.022">
    </testcase>
  </testsuite>
  <testsuite name="Pagination" errors="0" failures="0" skipped="0" timestamp="2021-09-24T17:56:40" time="0.461" tests="1">
    <testcase classname="Pagination Snapshot" name="Pagination Snapshot" time="0.035">
    </testcase>
  </testsuite>
  <testsuite name="RegularCard" errors="0" failures="0" skipped="0" timestamp="2021-09-24T17:56:41" time="0.378" tests="1">
    <testcase classname="RegularCard Snapshot" name="RegularCard Snapshot" time="0.016">
    </testcase>
  </testsuite>
  <testsuite name="IconButton" errors="0" failures="0" skipped="0" timestamp="2021-09-24T17:56:41" time="1.097" tests="1">
    <testcase classname="IconButton render correctly IconButton component" name="IconButton render correctly IconButton component" time="0.025">
    </testcase>
  </testsuite>
  <testsuite name="CustomLinearProgress" errors="0" failures="0" skipped="0" timestamp="2021-09-24T17:56:42" time="0.361" tests="1">
    <testcase classname="CustomLinearProgress snapshot" name="CustomLinearProgress snapshot" time="0.012">
    </testcase>
  </testsuite>
  <testsuite name="FileUploadButton" errors="0" failures="0" skipped="0" timestamp="2021-09-24T17:56:42" time="0.531" tests="1">
    <testcase classname="FileUploadButton Snapshot" name="FileUploadButton Snapshot" time="0.035">
    </testcase>
  </testsuite>
  <testsuite name="SideMenu" errors="0" failures="0" skipped="0" timestamp="2021-09-24T17:56:43" time="0.404" tests="1">
    <testcase classname="SideMenu Snapshot" name="SideMenu Snapshot" time="0.009">
    </testcase>
  </testsuite>
  <testsuite name="Tooltip" errors="0" failures="0" skipped="0" timestamp="2021-09-24T17:56:43" time="0.328" tests="1">
    <testcase classname="Tooltip Snapshot" name="Tooltip Snapshot" time="0.028">
    </testcase>
  </testsuite>
  <testsuite name="LoadingFakeText" errors="0" failures="0" skipped="0" timestamp="2021-09-24T17:56:44" time="0.348" tests="1">
    <testcase classname="LoadingFakeText snapshot" name="LoadingFakeText snapshot" time="0.004">
    </testcase>
  </testsuite>
  <testsuite name="Render NotFound" errors="0" failures="0" skipped="0" timestamp="2021-09-24T17:56:44" time="0.27" tests="1">
    <testcase classname="Render NotFound render correctly NotFound component" name="Render NotFound render correctly NotFound component" time="0.007">
    </testcase>
  </testsuite>
  <testsuite name="ToastContainer" errors="0" failures="0" skipped="0" timestamp="2021-09-24T17:56:44" time="0.306" tests="1">
    <testcase classname="ToastContainer Snapshot" name="ToastContainer Snapshot" time="0.005">
    </testcase>
  </testsuite>
</testsuites>