<?xml version="1.0" encoding="UTF-8"?>
<testsuites name="jest tests" tests="105" failures="0" time="23.018">
  <testsuite name="ChartCard" errors="0" failures="0" skipped="0" timestamp="2022-01-20T10:16:49" time="4.072" tests="1">
    <testcase classname="ChartCard snapshot" name="ChartCard snapshot" time="0.109">
    </testcase>
  </testsuite>
  <testsuite name="DynamicInput" errors="0" failures="0" skipped="0" timestamp="2022-01-20T10:16:53" time="4.638" tests="6">
    <testcase classname="DynamicInput if controlType is INT then the input is a CustomTextField without inputProps associated" name="DynamicInput if controlType is INT then the input is a CustomTextField without inputProps associated" time="0.121">
    </testcase>
    <testcase classname="DynamicInput if controlType is INT then the input is a CustomTextField with inputProps associated" name="DynamicInput if controlType is INT then the input is a CustomTextField with inputProps associated" time="0.017">
    </testcase>
    <testcase classname="DynamicInput if controlType is NUM then the input is a CustomTextField with inputProps associated" name="DynamicInput if controlType is NUM then the input is a CustomTextField with inputProps associated" time="0.035">
    </testcase>
    <testcase classname="DynamicInput if controlType is CLST then the input is an Autocomplete" name="DynamicInput if controlType is CLST then the input is an Autocomplete" time="0.049">
    </testcase>
    <testcase classname="DynamicInput if controlType is BOOL then the input is a Switch" name="DynamicInput if controlType is BOOL then the input is a Switch" time="0.042">
    </testcase>
    <testcase classname="DynamicInput should rended a default component if controlType does not match any other case label" name="DynamicInput should rended a default component if controlType does not match any other case label" time="0.008">
    </testcase>
  </testsuite>
  <testsuite name="Autocomplete" errors="0" failures="0" skipped="0" timestamp="2022-01-20T10:16:49" time="8.736" tests="9">
    <testcase classname="Autocomplete renders all the options" name="Autocomplete renders all the options" time="0.371">
    </testcase>
    <testcase classname="Autocomplete the correct option is selected" name="Autocomplete the correct option is selected" time="0.077">
    </testcase>
    <testcase classname="Autocomplete renders the clear button when clearable" name="Autocomplete renders the clear button when clearable" time="0.056">
    </testcase>
    <testcase classname="Autocomplete loads options at mount when defaultOptions is true" name="Autocomplete loads options at mount when defaultOptions is true" time="0.02">
    </testcase>
    <testcase classname="Autocomplete doesn&apos;t load options at mount if defaultOptions is not true" name="Autocomplete doesn&apos;t load options at mount if defaultOptions is not true" time="0.016">
    </testcase>
    <testcase classname="Autocomplete when simpleValue is falsy and the options are objects, displays value[labelKey] in the input" name="Autocomplete when simpleValue is falsy and the options are objects, displays value[labelKey] in the input" time="0.027">
    </testcase>
    <testcase classname="Autocomplete works for primitive options" name="Autocomplete works for primitive options" time="0.068">
    </testcase>
    <testcase classname="Autocomplete calls the onChange function provided as a prop" name="Autocomplete calls the onChange function provided as a prop" time="0.148">
    </testcase>
    <testcase classname="Autocomplete Adds a * to the label when Autocomplete is required" name="Autocomplete Adds a * to the label when Autocomplete is required" time="0.058">
    </testcase>
  </testsuite>
  <testsuite name="Button" errors="0" failures="0" skipped="0" timestamp="2022-01-20T10:16:58" time="0.618" tests="6">
    <testcase classname="Button button will be rounded" name="Button button will be rounded" time="0.042">
    </testcase>
    <testcase classname="Button button will not be rounded" name="Button button will not be rounded" time="0.019">
    </testcase>
    <testcase classname="Button button will not be fullWidth" name="Button button will not be fullWidth" time="0.002">
    </testcase>
    <testcase classname="Button button will be fullWidth" name="Button button will be fullWidth" time="0.012">
    </testcase>
    <testcase classname="Button button will be disabled" name="Button button will be disabled" time="0.001">
    </testcase>
    <testcase classname="Button button will not be disabled" name="Button button will not be disabled" time="0.005">
    </testcase>
  </testsuite>
  <testsuite name="CustomDialog" errors="0" failures="0" skipped="0" timestamp="2022-01-20T10:16:58" time="1.052" tests="5">
    <testcase classname="CustomDialog if showActions is true then both actions are visible" name="CustomDialog if showActions is true then both actions are visible" time="0.192">
    </testcase>
    <testcase classname="CustomDialog if showActions is false then both actions are not visible" name="CustomDialog if showActions is false then both actions are not visible" time="0.019">
    </testcase>
    <testcase classname="CustomDialog if textContent is provided then the DialogContentText node will be visible" name="CustomDialog if textContent is provided then the DialogContentText node will be visible" time="0.036">
    </testcase>
    <testcase classname="CustomDialog onYes handler should be called" name="CustomDialog onYes handler should be called" time="0.041">
    </testcase>
    <testcase classname="CustomDialog classes test and content are present" name="CustomDialog classes test and content are present" time="0.051">
    </testcase>
  </testsuite>
  <testsuite name="Accordion" errors="0" failures="0" skipped="0" timestamp="2022-01-20T10:16:58" time="0.631" tests="3">
    <testcase classname="Accordion Three children are expected to render" name="Accordion Three children are expected to render" time="0.027">
    </testcase>
    <testcase classname="Accordion Second child is expanded" name="Accordion Second child is expanded" time="0.092">
    </testcase>
    <testcase classname="Accordion Third child is expanded" name="Accordion Third child is expanded" time="0.033">
    </testcase>
  </testsuite>
  <testsuite name="DeleteButton" errors="0" failures="0" skipped="0" timestamp="2022-01-20T10:16:59" time="0.644" tests="4">
    <testcase classname="DeleteButton onClick should be called" name="DeleteButton onClick should be called" time="0.057">
    </testcase>
    <testcase classname="DeleteButton the button should be disabled" name="DeleteButton the button should be disabled" time="0.011">
    </testcase>
    <testcase classname="DeleteButton the button should be enabled" name="DeleteButton the button should be enabled" time="0.015">
    </testcase>
    <testcase classname="DeleteButton the color, fontSize and size props should be equal to the default values if they are not provided" name="DeleteButton the color, fontSize and size props should be equal to the default values if they are not provided" time="0.007">
    </testcase>
  </testsuite>
  <testsuite name="DateTime" errors="0" failures="0" skipped="0" timestamp="2022-01-20T10:16:59" time="1.745" tests="3">
    <testcase classname="DateTime if clearable and value are true then InputProps node will be made up of two IconButtons" name="DateTime if clearable and value are true then InputProps node will be made up of two IconButtons" time="0.175">
    </testcase>
    <testcase classname="DateTime if clearable and value are false then InputProps node will be made of one CalendarToday node" name="DateTime if clearable and value are false then InputProps node will be made of one CalendarToday node" time="0.019">
    </testcase>
    <testcase classname="DateTime classes defaultFont and dateTimeInput should be present" name="DateTime classes defaultFont and dateTimeInput should be present" time="0.021">
    </testcase>
  </testsuite>
  <testsuite name="DownwardButton" errors="0" failures="0" skipped="0" timestamp="2022-01-20T10:17:00" time="1.375" tests="4">
    <testcase classname="DownwardButton onClick should be called" name="DownwardButton onClick should be called" time="0.06">
    </testcase>
    <testcase classname="DownwardButton the button should be disabled" name="DownwardButton the button should be disabled" time="0.011">
    </testcase>
    <testcase classname="DownwardButton the button should be enabled" name="DownwardButton the button should be enabled" time="0.012">
    </testcase>
    <testcase classname="DownwardButton the color, fontSize and size props should be equal to the default values if they are not provided" name="DownwardButton the color, fontSize and size props should be equal to the default values if they are not provided" time="0.013">
    </testcase>
  </testsuite>
  <testsuite name="CardTitle" errors="0" failures="0" skipped="0" timestamp="2022-01-20T10:17:00" time="0.537" tests="3">
    <testcase classname="CardTitle classes container and cardTitle are present" name="CardTitle classes container and cardTitle are present" time="0.035">
    </testcase>
    <testcase classname="CardTitle should be able to click the button" name="CardTitle should be able to click the button" time="0.015">
    </testcase>
    <testcase classname="CardTitle the button is expected to be disabled" name="CardTitle the button is expected to be disabled" time="0.007">
    </testcase>
  </testsuite>
  <testsuite name="Card" errors="0" failures="0" skipped="0" timestamp="2022-01-20T10:17:01" time="0.355" tests="5">
    <testcase classname="Card classes card and rose are present" name="Card classes card and rose are present" time="0.007">
    </testcase>
    <testcase classname="Card class danger are present" name="Card class danger are present" time="0.001">
    </testcase>
    <testcase classname="Card class warning are present" name="Card class warning are present" time="0.001">
    </testcase>
    <testcase classname="Card class info are present" name="Card class info are present" time="0.002">
    </testcase>
    <testcase classname="Card class primary are present" name="Card class primary are present" time="0.001">
    </testcase>
  </testsuite>
  <testsuite name="DownloadButton" errors="0" failures="0" skipped="0" timestamp="2022-01-20T10:17:01" time="0.492" tests="4">
    <testcase classname="DownloadButton onClick should be called" name="DownloadButton onClick should be called" time="0.044">
    </testcase>
    <testcase classname="DownloadButton the button should be disabled" name="DownloadButton the button should be disabled" time="0.011">
    </testcase>
    <testcase classname="DownloadButton the button should be enabled" name="DownloadButton the button should be enabled" time="0.012">
    </testcase>
    <testcase classname="DownloadButton the color, fontSize and size props should be equal to the default values if they are not provided" name="DownloadButton the color, fontSize and size props should be equal to the default values if they are not provided" time="0.006">
    </testcase>
  </testsuite>
  <testsuite name="CustomTextField" errors="0" failures="0" skipped="0" timestamp="2022-01-20T10:17:01" time="0.495" tests="3">
    <testcase classname="CustomTextField if isNumeric is true then inputComponent node of type NumberFormatCustom exists" name="CustomTextField if isNumeric is true then inputComponent node of type NumberFormatCustom exists" time="0.044">
    </testcase>
    <testcase classname="CustomTextField if isNumeric is false then inputComponent node of type NumberFormatCustom does not exist" name="CustomTextField if isNumeric is false then inputComponent node of type NumberFormatCustom does not exist" time="0.017">
    </testcase>
    <testcase classname="CustomTextField inputProps class input is present" name="CustomTextField inputProps class input is present" time="0.007">
    </testcase>
  </testsuite>
  <testsuite name="AddButton" errors="0" failures="0" skipped="0" timestamp="2022-01-20T10:17:02" time="0.428" tests="4">
    <testcase classname="AddButton the button is disabled" name="AddButton the button is disabled" time="0.035">
    </testcase>
    <testcase classname="AddButton the button is enabled" name="AddButton the button is enabled" time="0.009">
    </testcase>
    <testcase classname="AddButton the sended props are the same as the expected ones" name="AddButton the sended props are the same as the expected ones" time="0.014">
    </testcase>
    <testcase classname="AddButton the button is expected to be called" name="AddButton the button is expected to be called" time="0.009">
    </testcase>
  </testsuite>
  <testsuite name="UploadButton" errors="0" failures="0" skipped="0" timestamp="2022-01-20T10:17:02" time="0.498" tests="4">
    <testcase classname="UploadButton onClick should be called" name="UploadButton onClick should be called" time="0.059">
    </testcase>
    <testcase classname="UploadButton the button should be disabled" name="UploadButton the button should be disabled" time="0.047">
    </testcase>
    <testcase classname="UploadButton the button should be enabled" name="UploadButton the button should be enabled" time="0.011">
    </testcase>
    <testcase classname="UploadButton the color, fontSize and size props should be equal to the default values if they are not provided" name="UploadButton the color, fontSize and size props should be equal to the default values if they are not provided" time="0.006">
    </testcase>
  </testsuite>
  <testsuite name="IconCard" errors="0" failures="0" skipped="0" timestamp="2022-01-20T10:17:02" time="0.604" tests="3">
    <testcase classname="IconCard classes cardStyle and textStyle should be present" name="IconCard classes cardStyle and textStyle should be present" time="0.049">
    </testcase>
    <testcase classname="IconCard if footer is provided then classFooter should be present" name="IconCard if footer is provided then classFooter should be present" time="0.011">
    </testcase>
    <testcase classname="IconCard if footer is not provided then classFooter should not be present" name="IconCard if footer is not provided then classFooter should not be present" time="0.008">
    </testcase>
  </testsuite>
  <testsuite name="SaveButton" errors="0" failures="0" skipped="0" timestamp="2022-01-20T10:17:03" time="0.476" tests="4">
    <testcase classname="SaveButton onClick should be called" name="SaveButton onClick should be called" time="0.047">
    </testcase>
    <testcase classname="SaveButton the button should be disabled" name="SaveButton the button should be disabled" time="0.024">
    </testcase>
    <testcase classname="SaveButton the button should be enabled" name="SaveButton the button should be enabled" time="0.009">
    </testcase>
    <testcase classname="SaveButton the color, fontSize and size props should be equal to the default values if they are not provided" name="SaveButton the color, fontSize and size props should be equal to the default values if they are not provided" time="0.014">
    </testcase>
  </testsuite>
  <testsuite name="NavPills" errors="0" failures="0" skipped="0" timestamp="2022-01-20T10:17:03" time="0.723" tests="3">
    <testcase classname="NavPills active, color and actions props should be equal to the default values provided" name="NavPills active, color and actions props should be equal to the default values provided" time="0.109">
    </testcase>
    <testcase classname="NavPills should have two children" name="NavPills should have two children" time="0.044">
    </testcase>
    <testcase classname="NavPills Tabs should get the values from the tabs array provided" name="NavPills Tabs should get the values from the tabs array provided" time="0.051">
    </testcase>
  </testsuite>
  <testsuite name="UpwardButton" errors="0" failures="0" skipped="0" timestamp="2022-01-20T10:17:02" time="1.337" tests="4">
    <testcase classname="UpwardButton onClick should be called" name="UpwardButton onClick should be called" time="0.057">
    </testcase>
    <testcase classname="UpwardButton the button should be disabled" name="UpwardButton the button should be disabled" time="0.018">
    </testcase>
    <testcase classname="UpwardButton the button should be enabled" name="UpwardButton the button should be enabled" time="0.013">
    </testcase>
    <testcase classname="UpwardButton the color, fontSize and size props should be equal to the default values if they are not provided" name="UpwardButton the color, fontSize and size props should be equal to the default values if they are not provided" time="0.006">
    </testcase>
  </testsuite>
  <testsuite name="IconCollapseCard" errors="0" failures="0" skipped="0" timestamp="2022-01-20T10:17:04" time="1.142" tests="3">
    <testcase classname="IconCollapseCard iconColor should be equal to default value" name="IconCollapseCard iconColor should be equal to default value" time="0.182">
    </testcase>
    <testcase classname="IconCollapseCard if canExpand is undefined then Accordion is by default expandable and enabled" name="IconCollapseCard if canExpand is undefined then Accordion is by default expandable and enabled" time="0.025">
    </testcase>
    <testcase classname="IconCollapseCard if canExpand is false then Accordion is by default not-expandable and disabled" name="IconCollapseCard if canExpand is false then Accordion is by default not-expandable and disabled" time="0.01">
    </testcase>
  </testsuite>
  <testsuite name="DialogDisplay" errors="0" failures="0" skipped="0" timestamp="2022-01-20T10:17:05" time="0.581" tests="2">
    <testcase classname="DialogDisplay IconButton has modalCloseButton class" name="DialogDisplay IconButton has modalCloseButton class" time="0.104">
    </testcase>
    <testcase classname="DialogDisplay onClose handler should be called" name="DialogDisplay onClose handler should be called" time="0.017">
    </testcase>
  </testsuite>
  <testsuite name="PasswordField" errors="0" failures="0" skipped="0" timestamp="2022-01-20T10:17:04" time="1.903" tests="2">
    <testcase classname="PasswordField default props should be provided" name="PasswordField default props should be provided" time="0.057">
    </testcase>
    <testcase classname="PasswordField after pressing the button the input should turn into a text field" name="PasswordField after pressing the button the input should turn into a text field" time="0.028">
    </testcase>
  </testsuite>
  <testsuite name="SimpleSlider" errors="0" failures="0" skipped="0" timestamp="2022-01-20T10:17:06" time="0.493" tests="1">
    <testcase classname="SimpleSlider Snapshot" name="SimpleSlider Snapshot" time="0.041">
    </testcase>
  </testsuite>
  <testsuite name="ExpandingText" errors="0" failures="0" skipped="0" timestamp="2022-01-20T10:17:06" time="0.432" tests="1">
    <testcase classname="ExpandingText snapshot" name="ExpandingText snapshot" time="0.012">
    </testcase>
  </testsuite>
  <testsuite name="Render ImageCard" errors="0" failures="0" skipped="0" timestamp="2022-01-20T10:17:06" time="0.434" tests="2">
    <testcase classname="Render ImageCard imageSize should be equal to &apos;s&apos;" name="Render ImageCard imageSize should be equal to &apos;s&apos;" time="0.039">
    </testcase>
    <testcase classname="Render ImageCard alternateText prop should be present in the html attribute alt" name="Render ImageCard alternateText prop should be present in the html attribute alt" time="0.004">
    </testcase>
  </testsuite>
  <testsuite name="StatsCard" errors="0" failures="0" skipped="0" timestamp="2022-01-20T10:17:06" time="0.496" tests="1">
    <testcase classname="StatsCard Snapshot" name="StatsCard Snapshot" time="0.028">
    </testcase>
  </testsuite>
  <testsuite name="EditButton" errors="0" failures="0" skipped="0" timestamp="2022-01-20T10:17:06" time="0.408" tests="1">
    <testcase classname="EditButton the color, fontSize and size props should be equal to the default values if they are not provided" name="EditButton the color, fontSize and size props should be equal to the default values if they are not provided" time="0.039">
    </testcase>
  </testsuite>
  <testsuite name="CancelButton" errors="0" failures="0" skipped="0" timestamp="2022-01-20T10:17:07" time="0.389" tests="1">
    <testcase classname="CancelButton the color, fontSize and size props should be equal to the default values if they are not provided" name="CancelButton the color, fontSize and size props should be equal to the default values if they are not provided" time="0.038">
    </testcase>
  </testsuite>
  <testsuite name="Pagination" errors="0" failures="0" skipped="0" timestamp="2022-01-20T10:17:07" time="0.517" tests="1">
    <testcase classname="Pagination Snapshot" name="Pagination Snapshot" time="0.038">
    </testcase>
  </testsuite>
  <testsuite name="RegularCard" errors="0" failures="0" skipped="0" timestamp="2022-01-20T10:17:08" time="0.446" tests="1">
    <testcase classname="RegularCard Snapshot" name="RegularCard Snapshot" time="0.029">
    </testcase>
  </testsuite>
  <testsuite name="BackToButton" errors="0" failures="0" skipped="0" timestamp="2022-01-20T10:17:07" time="1.286" tests="1">
    <testcase classname="BackToButton the color, fontSize and size props should be equal to the default values if they are not provided" name="BackToButton the color, fontSize and size props should be equal to the default values if they are not provided" time="0.037">
    </testcase>
  </testsuite>
  <testsuite name="Forbidden" errors="0" failures="0" skipped="0" timestamp="2022-01-20T10:17:08" time="0.432" tests="1">
    <testcase classname="Forbidden classes cardHeader, cardAvatar should be present" name="Forbidden classes cardHeader, cardAvatar should be present" time="0.038">
    </testcase>
  </testsuite>
  <testsuite name="CustomLinearProgress" errors="0" failures="0" skipped="0" timestamp="2022-01-20T10:17:09" time="0.427" tests="1">
    <testcase classname="CustomLinearProgress snapshot" name="CustomLinearProgress snapshot" time="0.013">
    </testcase>
  </testsuite>
  <testsuite name="IconButton" errors="0" failures="0" skipped="0" timestamp="2022-01-20T10:17:08" time="1.242" tests="1">
    <testcase classname="IconButton render correctly IconButton component" name="IconButton render correctly IconButton component" time="0.028">
    </testcase>
  </testsuite>
  <testsuite name="FileUploadButton" errors="0" failures="0" skipped="0" timestamp="2022-01-20T10:17:09" time="0.613" tests="1">
    <testcase classname="FileUploadButton Snapshot" name="FileUploadButton Snapshot" time="0.041">
    </testcase>
  </testsuite>
  <testsuite name="SideMenu" errors="0" failures="0" skipped="0" timestamp="2022-01-20T10:17:09" time="0.513" tests="1">
    <testcase classname="SideMenu Snapshot" name="SideMenu Snapshot" time="0.015">
    </testcase>
  </testsuite>
  <testsuite name="Tooltip" errors="0" failures="0" skipped="0" timestamp="2022-01-20T10:17:10" time="0.352" tests="1">
    <testcase classname="Tooltip Snapshot" name="Tooltip Snapshot" time="0.032">
    </testcase>
  </testsuite>
  <testsuite name="Typography" errors="0" failures="0" skipped="0" timestamp="2022-01-20T10:17:10" time="0.415" tests="1">
    <testcase classname="Typography variant property should be equal to the default value provided" name="Typography variant property should be equal to the default value provided" time="0.026">
    </testcase>
  </testsuite>
  <testsuite name="LoadingFakeText" errors="0" failures="0" skipped="0" timestamp="2022-01-20T10:17:10" time="0.388" tests="1">
    <testcase classname="LoadingFakeText snapshot" name="LoadingFakeText snapshot" time="0.007">
    </testcase>
  </testsuite>
  <testsuite name="Render NotFound" errors="0" failures="0" skipped="0" timestamp="2022-01-20T10:17:10" time="0.315" tests="1">
    <testcase classname="Render NotFound render correctly NotFound component" name="Render NotFound render correctly NotFound component" time="0.006">
    </testcase>
  </testsuite>
  <testsuite name="ToastContainer" errors="0" failures="0" skipped="0" timestamp="2022-01-20T10:17:10" time="0.351" tests="1">
    <testcase classname="ToastContainer Snapshot" name="ToastContainer Snapshot" time="0.016">
    </testcase>
  </testsuite>
</testsuites>